<?xml version="1.0" encoding="UTF-8"?>
<!-- Generated by org.testng.reporters.JUnitXMLReporter -->
<testsuite ignored="0" hostname="TGU1DELL0095" failures="0" tests="2" name="Command line test" time="0.023" errors="0" timestamp="23 Dec 2021 17:57:50 GMT">
  <testcase classname="com.herokuapp.tests.LoginTest" name="@BeforeClass openAplication" time="0.0">
    <failure type="java.lang.NullPointerException" message="Cannot invoke &amp;quot;com.sample.commonLib.CommonMethods.launchBrowser(String, String)&amp;quot; because &amp;quot;this.commonMethods&amp;quot; is null">
      <![CDATA[java.lang.NullPointerException: Cannot invoke "com.sample.commonLib.CommonMethods.launchBrowser(String, String)" because "this.commonMethods" is null
	at com.herokuapp.tests.LoginTest.openAplication(LoginTest.java:27)
... Removed 35 stack frames]]>
    </failure>
  </testcase> <!-- @BeforeClass openAplication -->
  <testcase classname="com.herokuapp.tests.LoginTest" name="@AfterClass quitApplication" time="0.0">
    <skipped/>
  </testcase> <!-- @AfterClass quitApplication -->
  <testcase classname="com.herokuapp.tests.LoginTest" name="verifyLogin" time="0.0">
    <skipped/>
  </testcase> <!-- verifyLogin -->
  <testcase classname="com.herokuapp.tests.Test2" name="test" time="0.0"/>
</testsuite> <!-- Command line test -->
