<?xml version="1.0" encoding="UTF-8"?>
<testng-results skipped="0" failed="0" ignored="0" total="1" passed="1">
  <reporter-output>
  </reporter-output>
  <suite name="Suite" duration-ms="1060" started-at="2022-01-05T03:39:54Z" finished-at="2022-01-05T03:39:55Z">
    <groups>
    </groups>
    <test name="Test" duration-ms="1060" started-at="2022-01-05T03:39:54Z" finished-at="2022-01-05T03:39:55Z">
      <class name="com.herokuapp.tests.LoginTest">
        <test-method status="PASS" signature="openAplication()[pri:0, instance:com.herokuapp.tests.LoginTest@192d43ce]" name="openAplication" is-config="true" duration-ms="6625" started-at="2022-01-05T09:09:47Z" finished-at="2022-01-05T09:09:54Z">
          <reporter-output>
          </reporter-output>
        </test-method> <!-- openAplication -->
        <test-method status="PASS" signature="verifyLogin()[pri:0, instance:com.herokuapp.tests.LoginTest@192d43ce]" name="verifyLogin" duration-ms="1050" started-at="2022-01-05T09:09:54Z" finished-at="2022-01-05T09:09:55Z">
          <reporter-output>
          </reporter-output>
        </test-method> <!-- verifyLogin -->
        <test-method status="PASS" signature="quitApplication()[pri:0, instance:com.herokuapp.tests.LoginTest@192d43ce]" name="quitApplication" is-config="true" duration-ms="845" started-at="2022-01-05T09:09:55Z" finished-at="2022-01-05T09:09:55Z">
          <reporter-output>
          </reporter-output>
        </test-method> <!-- quitApplication -->
      </class> <!-- com.herokuapp.tests.LoginTest -->
    </test> <!-- Test -->
  </suite> <!-- Suite -->
</testng-results>
