<?xml version="1.0" encoding="UTF-8" ?>
<testsuite tests="4" failures="1" name="TestSuite" time="0.231" errors="0" skipped="2">
  <properties>
[...]
</properties>
  <testcase classname="com.herokuapp.tests.LoginTest" name="openAplication" time="0.231">
    <failure message="Cannot invoke &quot;com.sample.commonLib.CommonMethods.launchBrowser(String, String)&quot; because &quot;this.commonMethods&quot; is null" type="java.lang.NullPointerException">java.lang.NullPointerException: Cannot invoke &quot;com.sample.commonLib.CommonMethods.launchBrowser(String, String)&quot; because &quot;this.commonMethods&quot; is null
	at com.herokuapp.tests.LoginTest.openAplication(LoginTest.java:27)
</failure>
    <system-out>Configuring TestNG with: org.apache.maven.surefire.testng.conf.TestNG652Configurator@5f282abb
</system-out>
  </testcase>
  <testcase classname="com.herokuapp.tests.LoginTest" name="verifyLogin" time="0">
    <skipped/>
  </testcase>
  <testcase classname="com.herokuapp.tests.LoginTest" name="quitApplication" time="0">
    <skipped/>
  </testcase>
  <testcase classname="com.herokuapp.tests.Test2" name="test" time="0"/>
</testsuite>