<?xml version="1.0" encoding="UTF-8"?>
<testng-results ignored="0" total="1" passed="1" failed="0" skipped="0">
  <reporter-output>
  </reporter-output>
  <suite started-at="2021-12-29T08:59:37 IST" name="Suite" finished-at="2021-12-29T08:59:47 IST" duration-ms="9938">
    <groups>
    </groups>
    <test started-at="2021-12-29T08:59:37 IST" name="Test" finished-at="2021-12-29T08:59:47 IST" duration-ms="9938">
      <class name="com.herokuapp.tests.LoginTest">
        <test-method is-config="true" signature="openAplication()[pri:0, instance:com.herokuapp.tests.LoginTest@7e7be63f]" started-at="2021-12-29T08:59:37 IST" name="openAplication" finished-at="2021-12-29T08:59:45 IST" duration-ms="8022" status="PASS">
          <reporter-output>
          </reporter-output>
        </test-method> <!-- openAplication -->
        <test-method signature="verifyLogin()[pri:0, instance:com.herokuapp.tests.LoginTest@7e7be63f]" started-at="2021-12-29T08:59:45 IST" name="verifyLogin" finished-at="2021-12-29T08:59:46 IST" duration-ms="1259" status="PASS">
          <reporter-output>
          </reporter-output>
        </test-method> <!-- verifyLogin -->
        <test-method is-config="true" signature="quitApplication()[pri:0, instance:com.herokuapp.tests.LoginTest@7e7be63f]" started-at="2021-12-29T08:59:46 IST" name="quitApplication" finished-at="2021-12-29T08:59:47 IST" duration-ms="613" status="PASS">
          <reporter-output>
          </reporter-output>
        </test-method> <!-- quitApplication -->
      </class> <!-- com.herokuapp.tests.LoginTest -->
    </test> <!-- Test -->
  </suite> <!-- Suite -->
</testng-results>
