<?xml version="1.0" encoding="UTF-8"?>
<testng-results ignored="0" total="1" passed="1" failed="0" skipped="0">
  <reporter-output>
  </reporter-output>
  <suite started-at="2022-01-04T08:46:10 IST" name="Suite" finished-at="2022-01-04T08:46:11 IST" duration-ms="920">
    <groups>
    </groups>
    <test started-at="2022-01-04T08:46:10 IST" name="Test" finished-at="2022-01-04T08:46:11 IST" duration-ms="920">
      <class name="com.herokuapp.tests.LoginTest">
        <test-method is-config="true" signature="openAplication()[pri:0, instance:com.herokuapp.tests.LoginTest@6ea2bc93]" started-at="2022-01-04T08:46:00 IST" name="openAplication" finished-at="2022-01-04T08:46:10 IST" duration-ms="10320" status="PASS">
          <reporter-output>
          </reporter-output>
        </test-method> <!-- openAplication -->
        <test-method signature="verifyLogin()[pri:0, instance:com.herokuapp.tests.LoginTest@6ea2bc93]" started-at="2022-01-04T08:46:10 IST" name="verifyLogin" finished-at="2022-01-04T08:46:11 IST" duration-ms="888" status="PASS">
          <reporter-output>
          </reporter-output>
        </test-method> <!-- verifyLogin -->
        <test-method is-config="true" signature="quitApplication()[pri:0, instance:com.herokuapp.tests.LoginTest@6ea2bc93]" started-at="2022-01-04T08:46:11 IST" name="quitApplication" finished-at="2022-01-04T08:46:12 IST" duration-ms="774" status="PASS">
          <reporter-output>
          </reporter-output>
        </test-method> <!-- quitApplication -->
      </class> <!-- com.herokuapp.tests.LoginTest -->
    </test> <!-- Test -->
  </suite> <!-- Suite -->
</testng-results>
